<?xml version="1.0" encoding="UTF-8"?>
<testng-results skipped="0" failed="0" total="2" passed="2">
  <reporter-output>
  </reporter-output>
  <suite name="Surefire suite" duration-ms="16442" started-at="2017-09-20T23:59:25Z" finished-at="2017-09-20T23:59:41Z">
    <groups>
      <group name="cucumber">
        <method signature="AbstractTestNGCucumberTests.feature(cucumber.api.testng.CucumberFeatureWrapper)[pri:0, instance:com.testrunner.SampleRunnerTest@3c09711b]" name="feature" class="cucumber.api.testng.AbstractTestNGCucumberTests"/>
      </group> <!-- cucumber -->
    </groups>
    <test name="Surefire test" duration-ms="16442" started-at="2017-09-20T23:59:25Z" finished-at="2017-09-20T23:59:41Z">
      <class name="com.testrunner.SampleRunnerTest">
        <test-method status="PASS" signature="setUpClass()[pri:0, instance:com.testrunner.SampleRunnerTest@3c09711b]" name="setUpClass" is-config="true" duration-ms="300" started-at="2017-09-21T05:29:25Z" finished-at="2017-09-21T05:29:25Z">
          <reporter-output>
          </reporter-output>
        </test-method> <!-- setUpClass -->
        <test-method status="PASS" signature="feature(cucumber.api.testng.CucumberFeatureWrapper)[pri:0, instance:com.testrunner.SampleRunnerTest@3c09711b]" name="feature" duration-ms="8586" started-at="2017-09-21T05:29:25Z" description="Runs Cucumber Feature" data-provider="features" finished-at="2017-09-21T05:29:34Z">
          <params>
            <param index="0">
              <value>
                <![CDATA[HomeModule]]>
              </value>
            </param>
          </params>
          <reporter-output>
          </reporter-output>
        </test-method> <!-- feature -->
        <test-method status="PASS" signature="feature(cucumber.api.testng.CucumberFeatureWrapper)[pri:0, instance:com.testrunner.SampleRunnerTest@3c09711b]" name="feature" duration-ms="7361" started-at="2017-09-21T05:29:34Z" description="Runs Cucumber Feature" data-provider="features" finished-at="2017-09-21T05:29:41Z">
          <params>
            <param index="0">
              <value>
                <![CDATA[LoginModule]]>
              </value>
            </param>
          </params>
          <reporter-output>
          </reporter-output>
        </test-method> <!-- feature -->
        <test-method status="PASS" signature="tearDownClass()[pri:0, instance:com.testrunner.SampleRunnerTest@3c09711b]" name="tearDownClass" is-config="true" duration-ms="63" started-at="2017-09-21T05:29:41Z" finished-at="2017-09-21T05:29:41Z">
          <reporter-output>
          </reporter-output>
        </test-method> <!-- tearDownClass -->
      </class> <!-- com.testrunner.SampleRunnerTest -->
    </test> <!-- Surefire test -->
  </suite> <!-- Surefire suite -->
</testng-results>
